ERROR - 2024-12-31 01:42:29 --> Error connecting to the database: mysqli_sql_exception: No connection could be made because the target machine actively refused it in C:\xampp\ISW-613-MyTrees2\system\Database\MySQLi\Connection.php:186
Stack trace:
#0 C:\xampp\ISW-613-MyTrees2\system\Database\MySQLi\Connection.php(186): mysqli->real_connect('localhost', 'root', Object(SensitiveParameterValue), 'mytrees', 3306, '', 0)
#1 C:\xampp\ISW-613-MyTrees2\system\Database\BaseConnection.php(421): CodeIgniter\Database\MySQLi\Connection->connect(false)
#2 C:\xampp\ISW-613-MyTrees2\system\Database\BaseConnection.php(616): CodeIgniter\Database\BaseConnection->initialize()
#3 C:\xampp\ISW-613-MyTrees2\system\Database\BaseBuilder.php(1644): CodeIgniter\Database\BaseConnection->query('SELECT *\nFROM `...', Array, false)
#4 C:\xampp\ISW-613-MyTrees2\system\Model.php(330): CodeIgniter\Database\BaseBuilder->get()
#5 C:\xampp\ISW-613-MyTrees2\system\BaseModel.php(714): CodeIgniter\Model->doFirst()
#6 C:\xampp\ISW-613-MyTrees2\app\Models\UserModel.php(114): CodeIgniter\BaseModel->first()
#7 C:\xampp\ISW-613-MyTrees2\app\Controllers\User.php(81): App\Models\UserModel->authenticate('admin', '123')
#8 C:\xampp\ISW-613-MyTrees2\system\CodeIgniter.php(933): App\Controllers\User->login()
#9 C:\xampp\ISW-613-MyTrees2\system\CodeIgniter.php(509): CodeIgniter\CodeIgniter->runController(Object(App\Controllers\User))
#10 C:\xampp\ISW-613-MyTrees2\system\CodeIgniter.php(355): CodeIgniter\CodeIgniter->handleRequest(NULL, Object(Config\Cache), false)
#11 C:\xampp\ISW-613-MyTrees2\system\Boot.php(325): CodeIgniter\CodeIgniter->run()
#12 C:\xampp\ISW-613-MyTrees2\system\Boot.php(67): CodeIgniter\Boot::runCodeIgniter(Object(CodeIgniter\CodeIgniter))
#13 C:\xampp\ISW-613-MyTrees2\public\index.php(56): CodeIgniter\Boot::bootWeb(Object(Config\Paths))
#14 {main}

Next CodeIgniter\Database\Exceptions\DatabaseException: No connection could be made because the target machine actively refused it in C:\xampp\ISW-613-MyTrees2\system\Database\MySQLi\Connection.php:231
Stack trace:
#0 C:\xampp\ISW-613-MyTrees2\system\Database\BaseConnection.php(421): CodeIgniter\Database\MySQLi\Connection->connect(false)
#1 C:\xampp\ISW-613-MyTrees2\system\Database\BaseConnection.php(616): CodeIgniter\Database\BaseConnection->initialize()
#2 C:\xampp\ISW-613-MyTrees2\system\Database\BaseBuilder.php(1644): CodeIgniter\Database\BaseConnection->query('SELECT *\nFROM `...', Array, false)
#3 C:\xampp\ISW-613-MyTrees2\system\Model.php(330): CodeIgniter\Database\BaseBuilder->get()
#4 C:\xampp\ISW-613-MyTrees2\system\BaseModel.php(714): CodeIgniter\Model->doFirst()
#5 C:\xampp\ISW-613-MyTrees2\app\Models\UserModel.php(114): CodeIgniter\BaseModel->first()
#6 C:\xampp\ISW-613-MyTrees2\app\Controllers\User.php(81): App\Models\UserModel->authenticate('admin', '123')
#7 C:\xampp\ISW-613-MyTrees2\system\CodeIgniter.php(933): App\Controllers\User->login()
#8 C:\xampp\ISW-613-MyTrees2\system\CodeIgniter.php(509): CodeIgniter\CodeIgniter->runController(Object(App\Controllers\User))
#9 C:\xampp\ISW-613-MyTrees2\system\CodeIgniter.php(355): CodeIgniter\CodeIgniter->handleRequest(NULL, Object(Config\Cache), false)
#10 C:\xampp\ISW-613-MyTrees2\system\Boot.php(325): CodeIgniter\CodeIgniter->run()
#11 C:\xampp\ISW-613-MyTrees2\system\Boot.php(67): CodeIgniter\Boot::runCodeIgniter(Object(CodeIgniter\CodeIgniter))
#12 C:\xampp\ISW-613-MyTrees2\public\index.php(56): CodeIgniter\Boot::bootWeb(Object(Config\Paths))
#13 {main}
CRITICAL - 2024-12-31 01:42:29 --> CodeIgniter\Database\Exceptions\DatabaseException: Unable to connect to the database.
Main connection [MySQLi]: No connection could be made because the target machine actively refused it
[Method: POST, Route: user/login]
in SYSTEMPATH\Database\BaseConnection.php on line 467.
 1 SYSTEMPATH\Database\BaseConnection.php(616): CodeIgniter\Database\BaseConnection->initialize()
 2 SYSTEMPATH\Database\BaseBuilder.php(1644): CodeIgniter\Database\BaseConnection->query('SELECT *
FROM `users`
WHERE `Username` = :Username:
 LIMIT 1', [...], false)
 3 SYSTEMPATH\Model.php(330): CodeIgniter\Database\BaseBuilder->get()
 4 SYSTEMPATH\BaseModel.php(714): CodeIgniter\Model->doFirst()
 5 APPPATH\Models\UserModel.php(114): CodeIgniter\BaseModel->first()
 6 APPPATH\Controllers\User.php(81): App\Models\UserModel->authenticate('admin', '123')
 7 SYSTEMPATH\CodeIgniter.php(933): App\Controllers\User->login()
 8 SYSTEMPATH\CodeIgniter.php(509): CodeIgniter\CodeIgniter->runController(Object(App\Controllers\User))
 9 SYSTEMPATH\CodeIgniter.php(355): CodeIgniter\CodeIgniter->handleRequest(null, Object(Config\Cache), false)
10 SYSTEMPATH\Boot.php(325): CodeIgniter\CodeIgniter->run()
11 SYSTEMPATH\Boot.php(67): CodeIgniter\Boot::runCodeIgniter(Object(CodeIgniter\CodeIgniter))
12 FCPATH\index.php(56): CodeIgniter\Boot::bootWeb(Object(Config\Paths))
CRITICAL - 2024-12-31 06:14:33 --> ErrorException: Maximum execution time of 120 seconds exceeded
[Method: POST, Route: friend/cartRemove]
in SYSTEMPATH\Database\MySQLi\Connection.php on line 313.
 1 [internal function]: CodeIgniter\Debug\Exceptions->shutdownHandler()
CRITICAL - 2024-12-31 06:14:33 --> ErrorException: Maximum execution time of 120 seconds exceeded
[Method: POST, Route: friend/cartRemove]
in SYSTEMPATH\Session\Handlers\FileHandler.php on line 136.
 1 [internal function]: CodeIgniter\Debug\Exceptions->shutdownHandler()
CRITICAL - 2024-12-31 06:14:33 --> ErrorException: Maximum execution time of 120 seconds exceeded
[Method: GET, Route: friend/tree_detail/2]
in SYSTEMPATH\Session\Handlers\FileHandler.php on line 136.
 1 [internal function]: CodeIgniter\Debug\Exceptions->shutdownHandler()
CRITICAL - 2024-12-31 06:14:33 --> ErrorException: Maximum execution time of 120 seconds exceeded
[Method: GET, Route: friend/tree_detail/6]
in SYSTEMPATH\Session\Handlers\FileHandler.php on line 136.
 1 [internal function]: CodeIgniter\Debug\Exceptions->shutdownHandler()
CRITICAL - 2024-12-31 06:14:33 --> ErrorException: Maximum execution time of 120 seconds exceeded
[Method: GET, Route: friend/tree_detail/6]
in SYSTEMPATH\Session\Handlers\FileHandler.php on line 136.
 1 [internal function]: CodeIgniter\Debug\Exceptions->shutdownHandler()
CRITICAL - 2024-12-31 06:14:33 --> ErrorException: Maximum execution time of 120 seconds exceeded
[Method: POST, Route: user/logout]
in SYSTEMPATH\Session\Handlers\FileHandler.php on line 136.
 1 [internal function]: CodeIgniter\Debug\Exceptions->shutdownHandler()
CRITICAL - 2024-12-31 06:14:33 --> ErrorException: Maximum execution time of 120 seconds exceeded
[Method: POST, Route: user/logout]
in SYSTEMPATH\Session\Handlers\FileHandler.php on line 136.
 1 [internal function]: CodeIgniter\Debug\Exceptions->shutdownHandler()
CRITICAL - 2024-12-31 06:14:33 --> ErrorException: Maximum execution time of 120 seconds exceeded
[Method: POST, Route: user/logout]
in SYSTEMPATH\Session\Handlers\FileHandler.php on line 136.
 1 [internal function]: CodeIgniter\Debug\Exceptions->shutdownHandler()
CRITICAL - 2024-12-31 06:14:33 --> ErrorException: Maximum execution time of 120 seconds exceeded
[Method: GET, Route: showupdateuser]
in SYSTEMPATH\Session\Handlers\FileHandler.php on line 136.
 1 [internal function]: CodeIgniter\Debug\Exceptions->shutdownHandler()
CRITICAL - 2024-12-31 06:14:33 --> ErrorException: Maximum execution time of 120 seconds exceeded
[Method: GET, Route: showupdateuser]
in SYSTEMPATH\Session\Handlers\FileHandler.php on line 136.
 1 [internal function]: CodeIgniter\Debug\Exceptions->shutdownHandler()
CRITICAL - 2024-12-31 06:14:33 --> ErrorException: Maximum execution time of 120 seconds exceeded
[Method: GET, Route: showupdateuser]
in SYSTEMPATH\Session\Handlers\FileHandler.php on line 136.
 1 [internal function]: CodeIgniter\Debug\Exceptions->shutdownHandler()
CRITICAL - 2024-12-31 06:14:33 --> ErrorException: Maximum execution time of 120 seconds exceeded
[Method: GET, Route: showupdateuser]
in SYSTEMPATH\Session\Handlers\FileHandler.php on line 136.
 1 [internal function]: CodeIgniter\Debug\Exceptions->shutdownHandler()
CRITICAL - 2024-12-31 06:14:33 --> ErrorException: Maximum execution time of 120 seconds exceeded
[Method: GET, Route: showupdateuser]
in SYSTEMPATH\Session\Handlers\FileHandler.php on line 136.
 1 [internal function]: CodeIgniter\Debug\Exceptions->shutdownHandler()
CRITICAL - 2024-12-31 06:14:33 --> ErrorException: Maximum execution time of 120 seconds exceeded
[Method: GET, Route: showupdateuser]
in SYSTEMPATH\Session\Handlers\FileHandler.php on line 136.
 1 [internal function]: CodeIgniter\Debug\Exceptions->shutdownHandler()
CRITICAL - 2024-12-31 06:14:33 --> ErrorException: Maximum execution time of 120 seconds exceeded
[Method: POST, Route: friend/cartRemove]
in SYSTEMPATH\Session\Handlers\FileHandler.php on line 136.
 1 [internal function]: CodeIgniter\Debug\Exceptions->shutdownHandler()
CRITICAL - 2024-12-31 06:14:33 --> ErrorException: Maximum execution time of 120 seconds exceeded
[Method: GET, Route: friend/tree_detail/2]
in SYSTEMPATH\Session\Handlers\FileHandler.php on line 136.
 1 [internal function]: CodeIgniter\Debug\Exceptions->shutdownHandler()
CRITICAL - 2024-12-31 06:14:33 --> ErrorException: Maximum execution time of 120 seconds exceeded
[Method: GET, Route: showupdateuser]
in SYSTEMPATH\Session\Handlers\FileHandler.php on line 136.
 1 [internal function]: CodeIgniter\Debug\Exceptions->shutdownHandler()
